<?xml version="1.0" encoding="UTF-8"?>
<!-- Generated by org.testng.reporters.JUnitReportReporter -->
<testsuite skipped="0" hostname="iZam" name="qaautomation.january2022.APITest" tests="2" failures="0" timestamp="2022-02-06T14:27:12 ICT" time="9.997" errors="0">
  <testcase name="dashboardAPI" time="7.013" classname="qaautomation.january2022.APITest"/>
  <system-out/>
  <testcase name="configurations" time="2.984" classname="qaautomation.january2022.APITest"/>
  <system-out/>
</testsuite> <!-- qaautomation.january2022.APITest -->
