<?xml version="1.0" encoding="UTF-8"?>
<!-- Generated by org.testng.reporters.JUnitReportReporter -->
<testsuite skipped="0" hostname="iZam" name="qaautomation.january2022.AppTest3" tests="2" failures="0" timestamp="2022-01-29T16:09:00 ICT" time="23.458" errors="0">
  <testcase name="test2" time="12.274" classname="qaautomation.january2022.AppTest3"/>
  <system-out/>
  <testcase name="test1" time="11.184" classname="qaautomation.january2022.AppTest3"/>
  <system-out/>
</testsuite> <!-- qaautomation.january2022.AppTest3 -->
