<?xml version="1.0" encoding="UTF-8"?>
<!-- Generated by org.testng.reporters.JUnitReportReporter -->
<testsuite skipped="0" hostname="iZam" name="qaautomation.january2022.GraphQLTest" tests="3" failures="0" timestamp="2022-02-06T15:58:56 ICT" time="6.432" errors="0">
  <testcase name="checkCEO" time="4.583" classname="qaautomation.january2022.GraphQLTest"/>
  <system-out/>
  <testcase name="launchRocketWithVariable" time="1.428" classname="qaautomation.january2022.GraphQLTest"/>
  <system-out/>
  <testcase name="fakerTest" time="0.421" classname="qaautomation.january2022.GraphQLTest"/>
  <system-out/>
</testsuite> <!-- qaautomation.january2022.GraphQLTest -->
