<?xml version="1.0" encoding="UTF-8"?>
<!-- Generated by org.testng.reporters.JUnitReportReporter -->
<testsuite skipped="0" hostname="iZam" name="qaautomation.january2022.AppTest" tests="3" failures="0" timestamp="2022-01-30T15:37:24 ICT" time="51.712" errors="0">
  <testcase name="test2" time="18.062" classname="qaautomation.january2022.AppTest"/>
  <system-out/>
  <testcase name="test3" time="16.500" classname="qaautomation.january2022.AppTest"/>
  <system-out/>
  <testcase name="test1" time="17.150" classname="qaautomation.january2022.AppTest"/>
  <system-out/>
</testsuite> <!-- qaautomation.january2022.AppTest -->
