<?xml version="1.0" encoding="UTF-8"?>
<!-- Generated by org.testng.reporters.JUnitReportReporter -->
<testsuite skipped="0" hostname="iZam" name="qaautomation.january2022.AppTest2" tests="2" failures="0" timestamp="2022-01-29T16:09:00 ICT" time="29.651" errors="0">
  <testcase name="test2" time="11.915" classname="qaautomation.january2022.AppTest2"/>
  <system-out/>
  <testcase name="test1" time="17.736" classname="qaautomation.january2022.AppTest2"/>
  <system-out/>
</testsuite> <!-- qaautomation.january2022.AppTest2 -->
