<?xml version="1.0" encoding="UTF-8"?>
<!-- Generated by org.testng.reporters.JUnitReportReporter -->
<testsuite skipped="0" hostname="iZam" name="qaautomation.january2022.AppTestPageFactory" tests="2" failures="0" timestamp="2022-01-30T16:01:36 ICT" time="19.544" errors="0">
  <testcase name="test2" time="10.526" classname="qaautomation.january2022.AppTestPageFactory"/>
  <system-out/>
  <testcase name="test1" time="9.018" classname="qaautomation.january2022.AppTestPageFactory"/>
  <system-out/>
</testsuite> <!-- qaautomation.january2022.AppTestPageFactory -->
