<?xml version="1.0" encoding="UTF-8"?>
<!-- Generated by org.testng.reporters.JUnitReportReporter -->
<testsuite skipped="0" hostname="iZam" name="qaautomation.january2022.APITest" tests="2" failures="0" timestamp="06 Feb 2022 07:37:21 GMT" time="10.675" errors="0">
  <testcase name="dashboardAPI" time="3.889" classname="qaautomation.january2022.APITest"/>
  <testcase name="configurations" time="6.786" classname="qaautomation.january2022.APITest"/>
</testsuite> <!-- qaautomation.january2022.APITest -->
